TN:
SF:/Users/cdoorigin/dev/origin-js/contracts/contracts/identity/ClaimHolder.sol
FN:11,addClaim
FN:34,addClaims
FN:54,removeClaim
FN:58,getClaim
FN:73,getClaimIdsByType
FNF:5
FNH:2
FNDA:1,addClaim
FNDA:0,addClaims
FNDA:0,removeClaim
FNDA:4,getClaim
FNDA:0,getClaimIdsByType
DA:22,1
DA:43,0
DA:55,0
DA:70,4
DA:78,0
LF:5
LH:2
BRF:0
BRH:0
end_of_record
TN:
SF:/Users/cdoorigin/dev/origin-js/contracts/contracts/identity/ClaimHolderLibrary.sol
FN:23,addClaim
FN:66,addClaims
FN:93,removeClaim
FN:119,getClaim
FN:141,getBytes
FNF:5
FNH:4
FNDA:3,addClaim
FNDA:1,addClaims
FNDA:0,removeClaim
FNDA:4,getClaim
FNDA:4,getBytes
DA:36,3
DA:37,3
DA:40,3
DA:42,3
DA:43,3
DA:46,3
DA:47,3
DA:48,3
DA:49,3
DA:50,3
DA:51,3
DA:53,3
DA:63,3
DA:77,1
DA:78,1
DA:79,2
DA:89,2
DA:101,0
DA:102,0
DA:105,0
DA:115,0
DA:116,0
DA:131,4
DA:146,4
DA:147,4
DA:148,4
DA:149,194
DA:150,194
DA:152,4
LF:29
LH:24
BRDA:36,1,0,3
BRDA:36,1,1,0
BRDA:37,2,0,3
BRDA:37,2,1,0
BRDA:42,3,0,3
BRDA:42,3,1,0
BRDA:101,4,0,0
BRDA:101,4,1,0
BRDA:102,5,0,0
BRDA:102,5,1,0
BRF:10
BRH:3
end_of_record
TN:
SF:/Users/cdoorigin/dev/origin-js/contracts/contracts/identity/ClaimHolderPresigned.sol
FN:13,
FNF:1
FNH:1
FNDA:1,
DA:24,1
LF:1
LH:1
BRF:0
BRH:0
end_of_record
TN:
SF:/Users/cdoorigin/dev/origin-js/contracts/contracts/identity/ClaimHolderRegistered.sol
FN:8,
FNF:1
FNH:1
FNDA:1,
DA:13,1
DA:14,1
LF:2
LH:2
BRF:0
BRH:0
end_of_record
TN:
SF:/Users/cdoorigin/dev/origin-js/contracts/contracts/identity/ClaimVerifier.sol
FN:12,
FN:16,checkClaim
FN:29,claimIsValid
FN:59,getRecoveredAddress
FNF:4
FNH:4
FNDA:1,
FNDA:2,checkClaim
FNDA:2,claimIsValid
FNDA:2,getRecoveredAddress
DA:13,1
DA:20,2
DA:21,1
DA:22,1
DA:24,1
DA:25,1
DA:34,2
DA:35,2
DA:36,2
DA:37,2
DA:38,2
DA:41,2
DA:44,2
DA:46,2
DA:47,2
DA:50,2
DA:53,2
DA:56,2
DA:64,2
DA:65,2
DA:66,2
DA:69,2
DA:70,1
DA:74,1
DA:80,1
DA:81,0
DA:84,1
DA:86,1
LF:28
LH:27
BRDA:20,1,0,1
BRDA:20,1,1,1
BRDA:69,2,0,1
BRDA:69,2,1,1
BRDA:80,3,0,0
BRDA:80,3,1,1
BRF:6
BRH:5
end_of_record
TN:
SF:/Users/cdoorigin/dev/origin-js/contracts/contracts/identity/ERC725.sol
FNF:0
FNH:0
LF:0
LH:0
BRF:0
BRH:0
end_of_record
TN:
SF:/Users/cdoorigin/dev/origin-js/contracts/contracts/identity/ERC735.sol
FNF:0
FNH:0
LF:0
LH:0
BRF:0
BRH:0
end_of_record
TN:
SF:/Users/cdoorigin/dev/origin-js/contracts/contracts/identity/KeyHolder.sol
FN:9,
FN:13,getKey
FN:21,getKeyPurpose
FN:29,getKeysByPurpose
FN:37,addKey
FN:44,approve
FN:51,execute
FN:58,removeKey
FN:65,keyHasPurpose
FNF:9
FNH:4
FNDA:4,
FNDA:0,getKey
FNDA:0,getKeyPurpose
FNDA:0,getKeysByPurpose
FNDA:1,addKey
FNDA:0,approve
FNDA:2,execute
FNDA:0,removeKey
FNDA:2,keyHasPurpose
DA:10,4
DA:18,0
DA:26,0
DA:34,0
DA:41,1
DA:48,0
DA:55,2
DA:62,0
DA:70,2
LF:9
LH:4
BRF:0
BRH:0
end_of_record
TN:
SF:/Users/cdoorigin/dev/origin-js/contracts/contracts/identity/KeyHolderLibrary.sol
FN:32,init
FN:43,getKey
FN:55,getKeyPurpose
FN:63,getKeysByPurpose
FN:71,addKey
FN:91,approve
FN:127,execute
FN:146,removeKey
FN:158,keyHasPurpose
FNF:9
FNH:5
FNDA:4,init
FNDA:0,getKey
FNDA:0,getKeyPurpose
FNDA:0,getKeysByPurpose
FNDA:1,addKey
FNDA:2,approve
FNDA:2,execute
FNDA:0,removeKey
FNDA:10,keyHasPurpose
DA:35,4
DA:36,4
DA:37,4
DA:38,4
DA:39,4
DA:40,4
DA:48,0
DA:60,0
DA:68,0
DA:75,1
DA:76,1
DA:77,1
DA:80,1
DA:81,1
DA:82,1
DA:84,1
DA:86,1
DA:88,1
DA:95,2
DA:96,2
DA:98,2
DA:100,2
DA:101,2
DA:102,2
DA:103,2
DA:104,2
DA:105,2
DA:111,2
DA:113,0
DA:119,0
DA:122,0
DA:124,0
DA:131,2
DA:132,2
DA:133,2
DA:134,2
DA:136,2
DA:138,2
DA:139,2
DA:142,2
DA:143,2
DA:150,0
DA:151,0
DA:153,0
DA:155,0
DA:163,10
DA:164,10
DA:165,9
DA:166,9
LF:49
LH:38
BRDA:75,1,0,1
BRDA:75,1,1,0
BRDA:76,2,0,1
BRDA:76,2,1,0
BRDA:77,3,0,1
BRDA:77,3,1,0
BRDA:95,4,0,2
BRDA:95,4,1,0
BRDA:96,5,0,2
BRDA:96,5,1,0
BRDA:100,6,0,2
BRDA:100,6,1,0
BRDA:103,7,0,2
BRDA:103,7,1,0
BRDA:131,8,0,2
BRDA:131,8,1,0
BRDA:138,9,0,2
BRDA:138,9,1,0
BRDA:150,10,0,0
BRDA:150,10,1,0
BRDA:164,11,0,1
BRDA:164,11,1,9
BRF:22
BRH:11
end_of_record
TN:
SF:/Users/cdoorigin/dev/origin-js/contracts/contracts/identity/OriginIdentity.sol
FNF:0
FNH:0
LF:0
LH:0
BRF:0
BRH:0
end_of_record
TN:
SF:/Users/cdoorigin/dev/origin-js/contracts/contracts/identity/UserRegistry.sol
FN:28,registerUser
FN:36,clearUser
FNF:2
FNH:1
FNDA:2,registerUser
FNDA:0,clearUser
DA:31,2
DA:32,2
DA:39,0
LF:3
LH:2
BRF:0
BRH:0
end_of_record
TN:
SF:/Users/cdoorigin/dev/origin-js/contracts/contracts/marketplace/v00/Marketplace.sol
FN:63,
FN:69,totalListings
FN:74,totalOffers
FN:79,createListing
FN:102,updateListing
FN:119,withdrawListing
FN:129,makeOffer
FN:165,makeOffer
FN:184,acceptOffer
FN:199,withdrawOffer
FN:217,finalize
FN:235,dispute
FN:246,executeRuling
FN:268,updateRefund
FN:279,refundBuyer
FN:289,paySeller
FN:304,payCommission
FN:311,addData
FN:315,addData
FN:320,addData
FN:325,sendDeposit
FN:335,setTokenAddr
FNF:22
FNH:16
FNDA:1,
FNDA:1,totalListings
FNDA:0,totalOffers
FNDA:9,createListing
FNDA:1,updateListing
FNDA:1,withdrawListing
FNDA:12,makeOffer
FNDA:2,makeOffer
FNDA:6,acceptOffer
FNDA:4,withdrawOffer
FNDA:2,finalize
FNDA:4,dispute
FNDA:4,executeRuling
FNDA:0,updateRefund
FNDA:6,refundBuyer
FNDA:4,paySeller
FNDA:4,payCommission
FNDA:0,addData
FNDA:0,addData
FNDA:0,addData
FNDA:0,sendDeposit
FNDA:3,setTokenAddr
DA:64,1
DA:65,1
DA:70,1
DA:75,0
DA:87,9
DA:89,9
DA:95,9
DA:96,9
DA:98,9
DA:107,1
DA:108,1
DA:110,1
DA:111,1
DA:112,1
DA:115,1
DA:120,1
DA:121,1
DA:122,1
DA:123,1
DA:124,1
DA:125,1
DA:142,12
DA:154,12
DA:155,8
DA:157,4
DA:158,4
DA:161,12
DA:179,2
DA:180,2
DA:185,6
DA:186,6
DA:187,6
DA:188,6
DA:189,6
DA:190,6
DA:191,0
DA:193,6
DA:194,6
DA:195,6
DA:200,4
DA:201,4
DA:202,4
DA:203,4
DA:204,0
DA:205,0
DA:206,0
DA:209,4
DA:211,4
DA:212,4
DA:213,4
DA:218,2
DA:219,2
DA:220,2
DA:221,2
DA:223,0
DA:225,2
DA:226,2
DA:227,2
DA:228,2
DA:230,2
DA:231,2
DA:236,4
DA:237,4
DA:238,4
DA:239,4
DA:240,4
DA:241,4
DA:242,4
DA:247,4
DA:248,4
DA:249,4
DA:250,4
DA:251,4
DA:252,4
DA:253,4
DA:254,2
DA:256,2
DA:258,4
DA:259,2
DA:261,2
DA:263,4
DA:264,4
DA:269,0
DA:270,0
DA:271,0
DA:272,0
DA:273,0
DA:274,0
DA:275,0
DA:280,6
DA:281,6
DA:282,4
DA:284,2
DA:290,4
DA:291,4
DA:292,4
DA:294,4
DA:295,3
DA:296,3
DA:298,1
DA:299,1
DA:305,4
DA:306,4
DA:307,4
DA:312,0
DA:316,0
DA:321,0
DA:326,0
DA:327,0
DA:328,0
DA:329,0
DA:330,0
DA:331,0
DA:336,3
LF:114
LH:92
BRDA:87,1,0,9
BRDA:87,1,1,0
BRDA:95,2,0,9
BRDA:95,2,1,0
BRDA:108,3,0,1
BRDA:108,3,1,0
BRDA:110,4,0,1
BRDA:110,4,1,0
BRDA:121,5,0,1
BRDA:121,5,1,0
BRDA:122,6,0,1
BRDA:122,6,1,0
BRDA:154,7,0,8
BRDA:154,7,1,4
BRDA:155,8,0,8
BRDA:155,8,1,0
BRDA:157,9,0,4
BRDA:157,9,1,0
BRDA:158,10,0,4
BRDA:158,10,1,0
BRDA:187,11,0,6
BRDA:187,11,1,0
BRDA:188,12,0,6
BRDA:188,12,1,0
BRDA:189,13,0,6
BRDA:189,13,1,0
BRDA:190,14,0,0
BRDA:190,14,1,6
BRDA:202,15,0,4
BRDA:202,15,1,0
BRDA:203,16,0,0
BRDA:203,16,1,4
BRDA:204,17,0,0
BRDA:204,17,1,0
BRDA:205,18,0,0
BRDA:205,18,1,0
BRDA:209,19,0,4
BRDA:209,19,1,0
BRDA:220,20,0,2
BRDA:220,20,1,0
BRDA:221,21,0,2
BRDA:221,21,1,0
BRDA:223,22,0,0
BRDA:223,22,1,0
BRDA:225,23,0,2
BRDA:225,23,1,0
BRDA:227,24,0,2
BRDA:227,24,1,0
BRDA:237,25,0,4
BRDA:237,25,1,0
BRDA:238,26,0,4
BRDA:238,26,1,0
BRDA:239,27,0,4
BRDA:239,27,1,0
BRDA:249,28,0,4
BRDA:249,28,1,0
BRDA:250,29,0,4
BRDA:250,29,1,0
BRDA:251,30,0,4
BRDA:251,30,1,0
BRDA:253,31,0,2
BRDA:253,31,1,2
BRDA:258,32,0,2
BRDA:258,32,1,2
BRDA:271,33,0,0
BRDA:271,33,1,0
BRDA:272,34,0,0
BRDA:272,34,1,0
BRDA:273,35,0,0
BRDA:273,35,1,0
BRDA:281,36,0,4
BRDA:281,36,1,2
BRDA:282,37,0,4
BRDA:282,37,1,0
BRDA:284,38,0,2
BRDA:284,38,1,0
BRDA:294,39,0,3
BRDA:294,39,1,1
BRDA:295,40,0,3
BRDA:295,40,1,0
BRDA:296,41,0,3
BRDA:296,41,1,0
BRDA:298,42,0,1
BRDA:298,42,1,0
BRDA:299,43,0,1
BRDA:299,43,1,0
BRDA:306,44,0,4
BRDA:306,44,1,0
BRDA:307,45,0,4
BRDA:307,45,1,0
BRDA:327,46,0,0
BRDA:327,46,1,0
BRDA:328,47,0,0
BRDA:328,47,1,0
BRDA:330,48,0,0
BRDA:330,48,1,0
BRF:96
BRH:44
end_of_record
TN:
SF:/Users/cdoorigin/dev/origin-js/contracts/contracts/marketplace/v01/Marketplace.sol
FN:63,
FN:69,totalListings
FN:74,totalOffers
FN:79,createListing
FN:102,updateListing
FN:119,withdrawListing
FN:129,makeOffer
FN:165,makeOffer
FN:184,acceptOffer
FN:199,withdrawOffer
FN:217,finalize
FN:235,dispute
FN:246,executeRuling
FN:268,updateRefund
FN:279,refundBuyer
FN:289,paySeller
FN:304,payCommission
FN:311,addData
FN:315,addData
FN:320,addData
FN:325,sendDeposit
FN:335,setTokenAddr
FNF:22
FNH:0
FNDA:0,
FNDA:0,totalListings
FNDA:0,totalOffers
FNDA:0,createListing
FNDA:0,updateListing
FNDA:0,withdrawListing
FNDA:0,makeOffer
FNDA:0,makeOffer
FNDA:0,acceptOffer
FNDA:0,withdrawOffer
FNDA:0,finalize
FNDA:0,dispute
FNDA:0,executeRuling
FNDA:0,updateRefund
FNDA:0,refundBuyer
FNDA:0,paySeller
FNDA:0,payCommission
FNDA:0,addData
FNDA:0,addData
FNDA:0,addData
FNDA:0,sendDeposit
FNDA:0,setTokenAddr
DA:64,0
DA:65,0
DA:70,0
DA:75,0
DA:87,0
DA:89,0
DA:95,0
DA:96,0
DA:98,0
DA:107,0
DA:108,0
DA:110,0
DA:111,0
DA:112,0
DA:115,0
DA:120,0
DA:121,0
DA:122,0
DA:123,0
DA:124,0
DA:125,0
DA:142,0
DA:154,0
DA:155,0
DA:157,0
DA:158,0
DA:161,0
DA:179,0
DA:180,0
DA:185,0
DA:186,0
DA:187,0
DA:188,0
DA:189,0
DA:190,0
DA:191,0
DA:193,0
DA:194,0
DA:195,0
DA:200,0
DA:201,0
DA:202,0
DA:203,0
DA:204,0
DA:205,0
DA:206,0
DA:209,0
DA:211,0
DA:212,0
DA:213,0
DA:218,0
DA:219,0
DA:220,0
DA:221,0
DA:223,0
DA:225,0
DA:226,0
DA:227,0
DA:228,0
DA:230,0
DA:231,0
DA:236,0
DA:237,0
DA:238,0
DA:239,0
DA:240,0
DA:241,0
DA:242,0
DA:247,0
DA:248,0
DA:249,0
DA:250,0
DA:251,0
DA:252,0
DA:253,0
DA:254,0
DA:256,0
DA:258,0
DA:259,0
DA:261,0
DA:263,0
DA:264,0
DA:269,0
DA:270,0
DA:271,0
DA:272,0
DA:273,0
DA:274,0
DA:275,0
DA:280,0
DA:281,0
DA:282,0
DA:284,0
DA:290,0
DA:291,0
DA:292,0
DA:294,0
DA:295,0
DA:296,0
DA:298,0
DA:299,0
DA:305,0
DA:306,0
DA:307,0
DA:312,0
DA:316,0
DA:321,0
DA:326,0
DA:327,0
DA:328,0
DA:329,0
DA:330,0
DA:331,0
DA:336,0
LF:114
LH:0
BRDA:87,1,0,0
BRDA:87,1,1,0
BRDA:95,2,0,0
BRDA:95,2,1,0
BRDA:108,3,0,0
BRDA:108,3,1,0
BRDA:110,4,0,0
BRDA:110,4,1,0
BRDA:121,5,0,0
BRDA:121,5,1,0
BRDA:122,6,0,0
BRDA:122,6,1,0
BRDA:154,7,0,0
BRDA:154,7,1,0
BRDA:155,8,0,0
BRDA:155,8,1,0
BRDA:157,9,0,0
BRDA:157,9,1,0
BRDA:158,10,0,0
BRDA:158,10,1,0
BRDA:187,11,0,0
BRDA:187,11,1,0
BRDA:188,12,0,0
BRDA:188,12,1,0
BRDA:189,13,0,0
BRDA:189,13,1,0
BRDA:190,14,0,0
BRDA:190,14,1,0
BRDA:202,15,0,0
BRDA:202,15,1,0
BRDA:203,16,0,0
BRDA:203,16,1,0
BRDA:204,17,0,0
BRDA:204,17,1,0
BRDA:205,18,0,0
BRDA:205,18,1,0
BRDA:209,19,0,0
BRDA:209,19,1,0
BRDA:220,20,0,0
BRDA:220,20,1,0
BRDA:221,21,0,0
BRDA:221,21,1,0
BRDA:223,22,0,0
BRDA:223,22,1,0
BRDA:225,23,0,0
BRDA:225,23,1,0
BRDA:227,24,0,0
BRDA:227,24,1,0
BRDA:237,25,0,0
BRDA:237,25,1,0
BRDA:238,26,0,0
BRDA:238,26,1,0
BRDA:239,27,0,0
BRDA:239,27,1,0
BRDA:249,28,0,0
BRDA:249,28,1,0
BRDA:250,29,0,0
BRDA:250,29,1,0
BRDA:251,30,0,0
BRDA:251,30,1,0
BRDA:253,31,0,0
BRDA:253,31,1,0
BRDA:258,32,0,0
BRDA:258,32,1,0
BRDA:271,33,0,0
BRDA:271,33,1,0
BRDA:272,34,0,0
BRDA:272,34,1,0
BRDA:273,35,0,0
BRDA:273,35,1,0
BRDA:281,36,0,0
BRDA:281,36,1,0
BRDA:282,37,0,0
BRDA:282,37,1,0
BRDA:284,38,0,0
BRDA:284,38,1,0
BRDA:294,39,0,0
BRDA:294,39,1,0
BRDA:295,40,0,0
BRDA:295,40,1,0
BRDA:296,41,0,0
BRDA:296,41,1,0
BRDA:298,42,0,0
BRDA:298,42,1,0
BRDA:299,43,0,0
BRDA:299,43,1,0
BRDA:306,44,0,0
BRDA:306,44,1,0
BRDA:307,45,0,0
BRDA:307,45,1,0
BRDA:327,46,0,0
BRDA:327,46,1,0
BRDA:328,47,0,0
BRDA:328,47,1,0
BRDA:330,48,0,0
BRDA:330,48,1,0
BRF:96
BRH:0
end_of_record
TN:
SF:/Users/cdoorigin/dev/origin-js/contracts/contracts/token/OriginToken.sol
FN:18,
FN:24,mainnetInitialSupply
FN:34,burn
FN:43,burn
FNF:4
FNH:1
FNDA:1,
FNDA:0,mainnetInitialSupply
FNDA:0,burn
FNDA:0,burn
DA:19,1
DA:20,1
DA:25,0
DA:37,0
DA:44,0
LF:5
LH:2
BRF:0
BRH:0
end_of_record
TN:
SF:/Users/cdoorigin/dev/origin-js/contracts/contracts/token/TokenMigration.sol
FN:22,notFinished
FN:28,
FN:36,migrateAccounts
FN:44,migrateAccount
FN:55,finish
FNF:5
FNH:0
FNDA:0,notFinished
FNDA:0,
FNDA:0,migrateAccounts
FNDA:0,migrateAccount
FNDA:0,finish
DA:23,0
DA:24,0
DA:29,0
DA:30,0
DA:31,0
DA:37,0
DA:38,0
DA:45,0
DA:46,0
DA:47,0
DA:48,0
DA:49,0
DA:50,0
DA:56,0
DA:58,0
DA:60,0
DA:61,0
DA:62,0
LF:18
LH:0
BRDA:23,1,0,0
BRDA:23,1,1,0
BRDA:45,2,0,0
BRDA:45,2,1,0
BRDA:47,3,0,0
BRDA:47,3,1,0
BRDA:56,4,0,0
BRDA:56,4,1,0
BRDA:58,5,0,0
BRDA:58,5,1,0
BRF:10
BRH:0
end_of_record
TN:
SF:/Users/cdoorigin/dev/origin-js/contracts/contracts/token/WhitelistedPausableToken.sol
FN:33,allowedTransfer
FN:43,whitelistActive
FN:47,addAllowedSender
FN:52,removeAllowedSender
FN:57,addAllowedRecipient
FN:62,removeAllowedRecipient
FN:71,setWhitelistExpiration
FN:87,transfer
FN:98,transferFrom
FNF:9
FNH:4
FNDA:18,allowedTransfer
FNDA:18,whitelistActive
FNDA:0,addAllowedSender
FNDA:0,removeAllowedSender
FNDA:0,addAllowedRecipient
FNDA:0,removeAllowedRecipient
FNDA:0,setWhitelistExpiration
FNDA:8,transfer
FNDA:10,transferFrom
DA:34,18
DA:40,18
DA:44,18
DA:48,0
DA:49,0
DA:53,0
DA:54,0
DA:58,0
DA:59,0
DA:63,0
DA:64,0
DA:74,0
DA:76,0
DA:78,0
DA:79,0
DA:95,8
DA:107,10
LF:17
LH:5
BRDA:34,1,0,18
BRDA:34,1,1,0
BRDA:74,2,0,0
BRDA:74,2,1,0
BRDA:76,3,0,0
BRDA:76,3,1,0
BRF:6
BRH:1
end_of_record
