TN:
SF:/Users/cdo/dev/origin-js/contracts/contracts/identity/ClaimHolder.sol
FN:11,addClaim
FN:34,addClaims
FN:54,removeClaim
FN:58,getClaim
FN:73,getClaimIdsByType
FNF:5
FNH:2
FNDA:1,addClaim
FNDA:0,addClaims
FNDA:0,removeClaim
FNDA:4,getClaim
FNDA:0,getClaimIdsByType
DA:22,1
DA:43,0
DA:55,0
DA:70,4
DA:78,0
LF:5
LH:2
BRF:0
BRH:0
end_of_record
TN:
SF:/Users/cdo/dev/origin-js/contracts/contracts/identity/ClaimHolderLibrary.sol
FN:23,addClaim
FN:66,addClaims
FN:93,removeClaim
FN:119,getClaim
FN:141,getBytes
FNF:5
FNH:4
FNDA:3,addClaim
FNDA:1,addClaims
FNDA:0,removeClaim
FNDA:4,getClaim
FNDA:4,getBytes
DA:36,3
DA:37,3
DA:40,3
DA:42,3
DA:43,3
DA:46,3
DA:47,3
DA:48,3
DA:49,3
DA:50,3
DA:51,3
DA:53,3
DA:63,3
DA:77,1
DA:78,1
DA:79,2
DA:89,2
DA:101,0
DA:102,0
DA:105,0
DA:115,0
DA:116,0
DA:131,4
DA:146,4
DA:147,4
DA:148,4
DA:149,194
DA:150,194
DA:152,4
LF:29
LH:24
BRDA:36,1,0,3
BRDA:36,1,1,0
BRDA:37,2,0,3
BRDA:37,2,1,0
BRDA:42,3,0,3
BRDA:42,3,1,0
BRDA:101,4,0,0
BRDA:101,4,1,0
BRDA:102,5,0,0
BRDA:102,5,1,0
BRF:10
BRH:3
end_of_record
TN:
SF:/Users/cdo/dev/origin-js/contracts/contracts/identity/ClaimHolderPresigned.sol
FN:13,
FNF:1
FNH:1
FNDA:1,
DA:24,1
LF:1
LH:1
BRF:0
BRH:0
end_of_record
TN:
SF:/Users/cdo/dev/origin-js/contracts/contracts/identity/ClaimHolderRegistered.sol
FN:8,
FNF:1
FNH:1
FNDA:1,
DA:13,1
DA:14,1
LF:2
LH:2
BRF:0
BRH:0
end_of_record
TN:
SF:/Users/cdo/dev/origin-js/contracts/contracts/identity/ClaimVerifier.sol
FN:12,
FN:16,checkClaim
FN:29,claimIsValid
FN:59,getRecoveredAddress
FNF:4
FNH:4
FNDA:1,
FNDA:2,checkClaim
FNDA:2,claimIsValid
FNDA:2,getRecoveredAddress
DA:13,1
DA:20,2
DA:21,1
DA:22,1
DA:24,1
DA:25,1
DA:34,2
DA:35,2
DA:36,2
DA:37,2
DA:38,2
DA:41,2
DA:44,2
DA:46,2
DA:47,2
DA:50,2
DA:53,2
DA:56,2
DA:64,2
DA:65,2
DA:66,2
DA:69,2
DA:70,1
DA:74,1
DA:80,1
DA:81,0
DA:84,1
DA:86,1
LF:28
LH:27
BRDA:20,1,0,1
BRDA:20,1,1,1
BRDA:69,2,0,1
BRDA:69,2,1,1
BRDA:80,3,0,0
BRDA:80,3,1,1
BRF:6
BRH:5
end_of_record
TN:
SF:/Users/cdo/dev/origin-js/contracts/contracts/identity/ERC725.sol
FNF:0
FNH:0
LF:0
LH:0
BRF:0
BRH:0
end_of_record
TN:
SF:/Users/cdo/dev/origin-js/contracts/contracts/identity/ERC735.sol
FNF:0
FNH:0
LF:0
LH:0
BRF:0
BRH:0
end_of_record
TN:
SF:/Users/cdo/dev/origin-js/contracts/contracts/identity/KeyHolder.sol
FN:9,
FN:13,getKey
FN:21,getKeyPurpose
FN:29,getKeysByPurpose
FN:37,addKey
FN:44,approve
FN:51,execute
FN:58,removeKey
FN:65,keyHasPurpose
FNF:9
FNH:4
FNDA:4,
FNDA:0,getKey
FNDA:0,getKeyPurpose
FNDA:0,getKeysByPurpose
FNDA:1,addKey
FNDA:0,approve
FNDA:2,execute
FNDA:0,removeKey
FNDA:2,keyHasPurpose
DA:10,4
DA:18,0
DA:26,0
DA:34,0
DA:41,1
DA:48,0
DA:55,2
DA:62,0
DA:70,2
LF:9
LH:4
BRF:0
BRH:0
end_of_record
TN:
SF:/Users/cdo/dev/origin-js/contracts/contracts/identity/KeyHolderLibrary.sol
FN:32,init
FN:43,getKey
FN:55,getKeyPurpose
FN:63,getKeysByPurpose
FN:71,addKey
FN:91,approve
FN:127,execute
FN:146,removeKey
FN:158,keyHasPurpose
FNF:9
FNH:5
FNDA:4,init
FNDA:0,getKey
FNDA:0,getKeyPurpose
FNDA:0,getKeysByPurpose
FNDA:1,addKey
FNDA:2,approve
FNDA:2,execute
FNDA:0,removeKey
FNDA:10,keyHasPurpose
DA:35,4
DA:36,4
DA:37,4
DA:38,4
DA:39,4
DA:40,4
DA:48,0
DA:60,0
DA:68,0
DA:75,1
DA:76,1
DA:77,1
DA:80,1
DA:81,1
DA:82,1
DA:84,1
DA:86,1
DA:88,1
DA:95,2
DA:96,2
DA:98,2
DA:100,2
DA:101,2
DA:102,2
DA:103,2
DA:104,2
DA:105,2
DA:111,2
DA:113,0
DA:119,0
DA:122,0
DA:124,0
DA:131,2
DA:132,2
DA:133,2
DA:134,2
DA:136,2
DA:138,2
DA:139,2
DA:142,2
DA:143,2
DA:150,0
DA:151,0
DA:153,0
DA:155,0
DA:163,10
DA:164,10
DA:165,9
DA:166,9
LF:49
LH:38
BRDA:75,1,0,1
BRDA:75,1,1,0
BRDA:76,2,0,1
BRDA:76,2,1,0
BRDA:77,3,0,1
BRDA:77,3,1,0
BRDA:95,4,0,2
BRDA:95,4,1,0
BRDA:96,5,0,2
BRDA:96,5,1,0
BRDA:100,6,0,2
BRDA:100,6,1,0
BRDA:103,7,0,2
BRDA:103,7,1,0
BRDA:131,8,0,2
BRDA:131,8,1,0
BRDA:138,9,0,2
BRDA:138,9,1,0
BRDA:150,10,0,0
BRDA:150,10,1,0
BRDA:164,11,0,1
BRDA:164,11,1,9
BRF:22
BRH:11
end_of_record
TN:
SF:/Users/cdo/dev/origin-js/contracts/contracts/identity/OriginIdentity.sol
FNF:0
FNH:0
LF:0
LH:0
BRF:0
BRH:0
end_of_record
TN:
SF:/Users/cdo/dev/origin-js/contracts/contracts/identity/UserRegistry.sol
FN:28,registerUser
FN:36,clearUser
FNF:2
FNH:1
FNDA:2,registerUser
FNDA:0,clearUser
DA:31,2
DA:32,2
DA:39,0
LF:3
LH:2
BRF:0
BRH:0
end_of_record
TN:
SF:/Users/cdo/dev/origin-js/contracts/contracts/marketplace/v00/Marketplace.sol
FN:60,
FN:66,totalListings
FN:71,totalOffers
FN:76,createListing
FN:99,updateListing
FN:116,withdrawListing
FN:126,makeOffer
FN:162,makeOffer
FN:181,acceptOffer
FN:196,withdrawOffer
FN:214,addFunds
FN:229,finalize
FN:247,dispute
FN:257,executeRuling
FN:284,updateRefund
FN:295,refundBuyer
FN:305,paySeller
FN:320,payCommission
FN:327,addData
FN:331,addData
FN:336,addData
FN:341,sendDeposit
FN:351,setTokenAddr
FNF:23
FNH:16
FNDA:1,
FNDA:1,totalListings
FNDA:0,totalOffers
FNDA:9,createListing
FNDA:1,updateListing
FNDA:1,withdrawListing
FNDA:12,makeOffer
FNDA:2,makeOffer
FNDA:6,acceptOffer
FNDA:4,withdrawOffer
FNDA:0,addFunds
FNDA:2,finalize
FNDA:4,dispute
FNDA:4,executeRuling
FNDA:0,updateRefund
FNDA:6,refundBuyer
FNDA:4,paySeller
FNDA:4,payCommission
FNDA:0,addData
FNDA:0,addData
FNDA:0,addData
FNDA:0,sendDeposit
FNDA:3,setTokenAddr
DA:61,1
DA:62,1
DA:67,1
DA:72,0
DA:84,9
DA:86,9
DA:92,9
DA:93,9
DA:95,9
DA:104,1
DA:105,1
DA:107,1
DA:108,1
DA:109,1
DA:112,1
DA:117,1
DA:118,1
DA:119,1
DA:120,1
DA:121,1
DA:122,1
DA:139,12
DA:151,12
DA:152,8
DA:154,4
DA:155,4
DA:158,12
DA:176,2
DA:177,2
DA:182,6
DA:183,6
DA:184,6
DA:185,6
DA:186,6
DA:187,6
DA:188,0
DA:190,6
DA:191,6
DA:192,6
DA:197,4
DA:198,4
DA:199,4
DA:200,4
DA:201,0
DA:202,0
DA:203,0
DA:206,4
DA:208,4
DA:209,4
DA:210,4
DA:215,0
DA:216,0
DA:217,0
DA:218,0
DA:219,0
DA:221,0
DA:222,0
DA:224,0
DA:225,0
DA:230,2
DA:231,2
DA:232,2
DA:233,2
DA:235,0
DA:237,2
DA:238,2
DA:239,2
DA:240,2
DA:242,2
DA:243,2
DA:248,4
DA:249,4
DA:250,4
DA:251,4
DA:252,4
DA:253,4
DA:264,4
DA:265,4
DA:266,4
DA:267,4
DA:268,4
DA:269,4
DA:270,2
DA:272,2
DA:274,4
DA:275,2
DA:277,2
DA:279,4
DA:280,4
DA:285,0
DA:286,0
DA:287,0
DA:288,0
DA:289,0
DA:290,0
DA:291,0
DA:296,6
DA:297,6
DA:298,4
DA:300,2
DA:306,4
DA:307,4
DA:308,4
DA:310,4
DA:311,3
DA:312,3
DA:314,1
DA:315,1
DA:321,4
DA:322,4
DA:323,4
DA:328,0
DA:332,0
DA:337,0
DA:342,0
DA:343,0
DA:344,0
DA:345,0
DA:346,0
DA:347,0
DA:352,3
LF:121
LH:90
BRDA:84,1,0,9
BRDA:84,1,1,0
BRDA:92,2,0,9
BRDA:92,2,1,0
BRDA:105,3,0,1
BRDA:105,3,1,0
BRDA:107,4,0,1
BRDA:107,4,1,0
BRDA:118,5,0,1
BRDA:118,5,1,0
BRDA:119,6,0,1
BRDA:119,6,1,0
BRDA:151,7,0,8
BRDA:151,7,1,4
BRDA:152,8,0,8
BRDA:152,8,1,0
BRDA:154,9,0,4
BRDA:154,9,1,0
BRDA:155,10,0,4
BRDA:155,10,1,0
BRDA:184,11,0,6
BRDA:184,11,1,0
BRDA:185,12,0,6
BRDA:185,12,1,0
BRDA:186,13,0,6
BRDA:186,13,1,0
BRDA:187,14,0,0
BRDA:187,14,1,6
BRDA:199,15,0,4
BRDA:199,15,1,0
BRDA:200,16,0,0
BRDA:200,16,1,4
BRDA:201,17,0,0
BRDA:201,17,1,0
BRDA:202,18,0,0
BRDA:202,18,1,0
BRDA:206,19,0,4
BRDA:206,19,1,0
BRDA:216,20,0,0
BRDA:216,20,1,0
BRDA:217,21,0,0
BRDA:217,21,1,0
BRDA:218,22,0,0
BRDA:218,22,1,0
BRDA:219,23,0,0
BRDA:219,23,1,0
BRDA:221,24,0,0
BRDA:221,24,1,0
BRDA:222,25,0,0
BRDA:222,25,1,0
BRDA:232,26,0,2
BRDA:232,26,1,0
BRDA:233,27,0,2
BRDA:233,27,1,0
BRDA:235,28,0,0
BRDA:235,28,1,0
BRDA:237,29,0,2
BRDA:237,29,1,0
BRDA:239,30,0,2
BRDA:239,30,1,0
BRDA:249,31,0,4
BRDA:249,31,1,0
BRDA:250,32,0,4
BRDA:250,32,1,0
BRDA:251,33,0,4
BRDA:251,33,1,0
BRDA:265,34,0,4
BRDA:265,34,1,0
BRDA:266,35,0,4
BRDA:266,35,1,0
BRDA:267,36,0,4
BRDA:267,36,1,0
BRDA:269,37,0,2
BRDA:269,37,1,2
BRDA:274,38,0,2
BRDA:274,38,1,2
BRDA:287,39,0,0
BRDA:287,39,1,0
BRDA:288,40,0,0
BRDA:288,40,1,0
BRDA:289,41,0,0
BRDA:289,41,1,0
BRDA:297,42,0,4
BRDA:297,42,1,2
BRDA:298,43,0,4
BRDA:298,43,1,0
BRDA:300,44,0,2
BRDA:300,44,1,0
BRDA:310,45,0,3
BRDA:310,45,1,1
BRDA:311,46,0,3
BRDA:311,46,1,0
BRDA:312,47,0,3
BRDA:312,47,1,0
BRDA:314,48,0,1
BRDA:314,48,1,0
BRDA:315,49,0,1
BRDA:315,49,1,0
BRDA:322,50,0,4
BRDA:322,50,1,0
BRDA:323,51,0,4
BRDA:323,51,1,0
BRDA:343,52,0,0
BRDA:343,52,1,0
BRDA:344,53,0,0
BRDA:344,53,1,0
BRDA:346,54,0,0
BRDA:346,54,1,0
BRF:108
BRH:44
end_of_record
TN:
SF:/Users/cdo/dev/origin-js/contracts/contracts/marketplace/v01/Marketplace.sol
FN:60,
FN:66,totalListings
FN:71,totalOffers
FN:76,createListing
FN:99,updateListing
FN:116,withdrawListing
FN:126,makeOffer
FN:162,makeOffer
FN:181,acceptOffer
FN:196,withdrawOffer
FN:214,addFunds
FN:229,finalize
FN:247,dispute
FN:257,executeRuling
FN:284,updateRefund
FN:295,refundBuyer
FN:305,paySeller
FN:320,payCommission
FN:327,addData
FN:331,addData
FN:336,addData
FN:341,sendDeposit
FN:351,setTokenAddr
FNF:23
FNH:0
FNDA:0,
FNDA:0,totalListings
FNDA:0,totalOffers
FNDA:0,createListing
FNDA:0,updateListing
FNDA:0,withdrawListing
FNDA:0,makeOffer
FNDA:0,makeOffer
FNDA:0,acceptOffer
FNDA:0,withdrawOffer
FNDA:0,addFunds
FNDA:0,finalize
FNDA:0,dispute
FNDA:0,executeRuling
FNDA:0,updateRefund
FNDA:0,refundBuyer
FNDA:0,paySeller
FNDA:0,payCommission
FNDA:0,addData
FNDA:0,addData
FNDA:0,addData
FNDA:0,sendDeposit
FNDA:0,setTokenAddr
DA:61,0
DA:62,0
DA:67,0
DA:72,0
DA:84,0
DA:86,0
DA:92,0
DA:93,0
DA:95,0
DA:104,0
DA:105,0
DA:107,0
DA:108,0
DA:109,0
DA:112,0
DA:117,0
DA:118,0
DA:119,0
DA:120,0
DA:121,0
DA:122,0
DA:139,0
DA:151,0
DA:152,0
DA:154,0
DA:155,0
DA:158,0
DA:176,0
DA:177,0
DA:182,0
DA:183,0
DA:184,0
DA:185,0
DA:186,0
DA:187,0
DA:188,0
DA:190,0
DA:191,0
DA:192,0
DA:197,0
DA:198,0
DA:199,0
DA:200,0
DA:201,0
DA:202,0
DA:203,0
DA:206,0
DA:208,0
DA:209,0
DA:210,0
DA:215,0
DA:216,0
DA:217,0
DA:218,0
DA:219,0
DA:221,0
DA:222,0
DA:224,0
DA:225,0
DA:230,0
DA:231,0
DA:232,0
DA:233,0
DA:235,0
DA:237,0
DA:238,0
DA:239,0
DA:240,0
DA:242,0
DA:243,0
DA:248,0
DA:249,0
DA:250,0
DA:251,0
DA:252,0
DA:253,0
DA:264,0
DA:265,0
DA:266,0
DA:267,0
DA:268,0
DA:269,0
DA:270,0
DA:272,0
DA:274,0
DA:275,0
DA:277,0
DA:279,0
DA:280,0
DA:285,0
DA:286,0
DA:287,0
DA:288,0
DA:289,0
DA:290,0
DA:291,0
DA:296,0
DA:297,0
DA:298,0
DA:300,0
DA:306,0
DA:307,0
DA:308,0
DA:310,0
DA:311,0
DA:312,0
DA:314,0
DA:315,0
DA:321,0
DA:322,0
DA:323,0
DA:328,0
DA:332,0
DA:337,0
DA:342,0
DA:343,0
DA:344,0
DA:345,0
DA:346,0
DA:347,0
DA:352,0
LF:121
LH:0
BRDA:84,1,0,0
BRDA:84,1,1,0
BRDA:92,2,0,0
BRDA:92,2,1,0
BRDA:105,3,0,0
BRDA:105,3,1,0
BRDA:107,4,0,0
BRDA:107,4,1,0
BRDA:118,5,0,0
BRDA:118,5,1,0
BRDA:119,6,0,0
BRDA:119,6,1,0
BRDA:151,7,0,0
BRDA:151,7,1,0
BRDA:152,8,0,0
BRDA:152,8,1,0
BRDA:154,9,0,0
BRDA:154,9,1,0
BRDA:155,10,0,0
BRDA:155,10,1,0
BRDA:184,11,0,0
BRDA:184,11,1,0
BRDA:185,12,0,0
BRDA:185,12,1,0
BRDA:186,13,0,0
BRDA:186,13,1,0
BRDA:187,14,0,0
BRDA:187,14,1,0
BRDA:199,15,0,0
BRDA:199,15,1,0
BRDA:200,16,0,0
BRDA:200,16,1,0
BRDA:201,17,0,0
BRDA:201,17,1,0
BRDA:202,18,0,0
BRDA:202,18,1,0
BRDA:206,19,0,0
BRDA:206,19,1,0
BRDA:216,20,0,0
BRDA:216,20,1,0
BRDA:217,21,0,0
BRDA:217,21,1,0
BRDA:218,22,0,0
BRDA:218,22,1,0
BRDA:219,23,0,0
BRDA:219,23,1,0
BRDA:221,24,0,0
BRDA:221,24,1,0
BRDA:222,25,0,0
BRDA:222,25,1,0
BRDA:232,26,0,0
BRDA:232,26,1,0
BRDA:233,27,0,0
BRDA:233,27,1,0
BRDA:235,28,0,0
BRDA:235,28,1,0
BRDA:237,29,0,0
BRDA:237,29,1,0
BRDA:239,30,0,0
BRDA:239,30,1,0
BRDA:249,31,0,0
BRDA:249,31,1,0
BRDA:250,32,0,0
BRDA:250,32,1,0
BRDA:251,33,0,0
BRDA:251,33,1,0
BRDA:265,34,0,0
BRDA:265,34,1,0
BRDA:266,35,0,0
BRDA:266,35,1,0
BRDA:267,36,0,0
BRDA:267,36,1,0
BRDA:269,37,0,0
BRDA:269,37,1,0
BRDA:274,38,0,0
BRDA:274,38,1,0
BRDA:287,39,0,0
BRDA:287,39,1,0
BRDA:288,40,0,0
BRDA:288,40,1,0
BRDA:289,41,0,0
BRDA:289,41,1,0
BRDA:297,42,0,0
BRDA:297,42,1,0
BRDA:298,43,0,0
BRDA:298,43,1,0
BRDA:300,44,0,0
BRDA:300,44,1,0
BRDA:310,45,0,0
BRDA:310,45,1,0
BRDA:311,46,0,0
BRDA:311,46,1,0
BRDA:312,47,0,0
BRDA:312,47,1,0
BRDA:314,48,0,0
BRDA:314,48,1,0
BRDA:315,49,0,0
BRDA:315,49,1,0
BRDA:322,50,0,0
BRDA:322,50,1,0
BRDA:323,51,0,0
BRDA:323,51,1,0
BRDA:343,52,0,0
BRDA:343,52,1,0
BRDA:344,53,0,0
BRDA:344,53,1,0
BRDA:346,54,0,0
BRDA:346,54,1,0
BRF:108
BRH:0
end_of_record
TN:
SF:/Users/cdo/dev/origin-js/contracts/contracts/token/OriginToken.sol
FN:18,
FN:29,burn
FN:38,burn
FNF:3
FNH:3
FNDA:35,
FNDA:1,burn
FNDA:1,burn
DA:19,35
DA:20,35
DA:32,1
DA:39,1
LF:4
LH:4
BRF:0
BRH:0
end_of_record
TN:
SF:/Users/cdo/dev/origin-js/contracts/contracts/token/TokenMigration.sol
FN:22,notFinished
FN:28,
FN:36,migrateAccounts
FN:44,migrateAccount
FN:55,finish
FNF:5
FNH:5
FNDA:26,notFinished
FNDA:7,
FNDA:4,migrateAccounts
FNDA:16,migrateAccount
FNDA:5,finish
DA:23,26
DA:24,25
DA:29,7
DA:30,7
DA:31,7
DA:37,4
DA:38,12
DA:45,16
DA:46,15
DA:47,15
DA:48,12
DA:49,12
DA:50,12
DA:56,5
DA:58,4
DA:60,3
DA:61,3
DA:62,3
LF:18
LH:18
BRDA:23,1,0,25
BRDA:23,1,1,1
BRDA:45,2,0,15
BRDA:45,2,1,1
BRDA:47,3,0,12
BRDA:47,3,1,3
BRDA:56,4,0,4
BRDA:56,4,1,1
BRDA:58,5,0,3
BRDA:58,5,1,1
BRF:10
BRH:10
end_of_record
TN:
SF:/Users/cdo/dev/origin-js/contracts/contracts/token/WhitelistedPausableToken.sol
FN:33,allowedTransfer
FN:43,whitelistActive
FN:47,addAllowedSender
FN:52,removeAllowedSender
FN:57,addAllowedRecipient
FN:62,removeAllowedRecipient
FN:71,setWhitelistExpiration
FN:87,transfer
FN:98,transferFrom
FNF:9
FNH:9
FNDA:34,allowedTransfer
FNDA:48,whitelistActive
FNDA:2,addAllowedSender
FNDA:1,removeAllowedSender
FNDA:2,addAllowedRecipient
FNDA:1,removeAllowedRecipient
FNDA:14,setWhitelistExpiration
FNDA:20,transfer
FNDA:10,transferFrom
DA:34,34
DA:40,30
DA:44,48
DA:48,2
DA:49,2
DA:53,1
DA:54,1
DA:58,2
DA:59,2
DA:63,1
DA:64,1
DA:74,14
DA:76,13
DA:78,12
DA:79,12
DA:95,20
DA:107,10
LF:17
LH:17
BRDA:34,1,0,30
BRDA:34,1,1,4
BRDA:74,2,0,13
BRDA:74,2,1,1
BRDA:76,3,0,12
BRDA:76,3,1,1
BRF:6
BRH:6
end_of_record
